<?xml version="1.0" encoding="UTF-8"?>
<testsuite xmlns:xsi="http://www.w3.org/2001/XMLSchema-instance" xsi:noNamespaceSchemaLocation="https://maven.apache.org/surefire/maven-surefire-plugin/xsd/surefire-test-report-3.0.xsd" version="3.0" name="com.unity.cache.node.NodeManagerTest" time="2.064" tests="26" errors="0" skipped="0" failures="0">
  <properties>
    <property name="gopherProxySet" value="false"/>
    <property name="awt.toolkit" value="sun.lwawt.macosx.LWCToolkit"/>
    <property name="java.specification.version" value="11"/>
    <property name="sun.cpu.isalist" value=""/>
    <property name="sun.jnu.encoding" value="UTF-8"/>
    <property name="java.class.path" value="/Users/arthurgao/WorkSpace/Java/MyCode/distributed-cache/target/test-classes:/Users/arthurgao/WorkSpace/Java/MyCode/distributed-cache/target/classes:/Users/arthurgao/.m2/repository/org/projectlombok/lombok/1.18.26/lombok-1.18.26.jar:/Users/arthurgao/.m2/repository/org/apache/commons/commons-collections4/4.4/commons-collections4-4.4.jar:/Users/arthurgao/.m2/repository/org/apache/commons/commons-lang3/3.12.0/commons-lang3-3.12.0.jar:/Users/arthurgao/.m2/repository/org/junit/jupiter/junit-jupiter-engine/5.9.1/junit-jupiter-engine-5.9.1.jar:/Users/arthurgao/.m2/repository/org/junit/platform/junit-platform-engine/1.9.1/junit-platform-engine-1.9.1.jar:/Users/arthurgao/.m2/repository/org/opentest4j/opentest4j/1.2.0/opentest4j-1.2.0.jar:/Users/arthurgao/.m2/repository/org/junit/platform/junit-platform-commons/1.9.1/junit-platform-commons-1.9.1.jar:/Users/arthurgao/.m2/repository/org/junit/jupiter/junit-jupiter-api/5.9.1/junit-jupiter-api-5.9.1.jar:/Users/arthurgao/.m2/repository/org/apiguardian/apiguardian-api/1.1.2/apiguardian-api-1.1.2.jar:/Users/arthurgao/.m2/repository/org/junit/jupiter/junit-jupiter-params/5.4.2/junit-jupiter-params-5.4.2.jar:/Users/arthurgao/.m2/repository/org/assertj/assertj-core/3.24.2/assertj-core-3.24.2.jar:/Users/arthurgao/.m2/repository/net/bytebuddy/byte-buddy/1.12.21/byte-buddy-1.12.21.jar:/Users/arthurgao/.m2/repository/org/jeasy/easy-random-core/4.0.0/easy-random-core-4.0.0.jar:/Users/arthurgao/.m2/repository/org/objenesis/objenesis/3.0.1/objenesis-3.0.1.jar:/Users/arthurgao/.m2/repository/io/github/classgraph/classgraph/4.8.29/classgraph-4.8.29.jar:/Users/arthurgao/.m2/repository/com/fasterxml/jackson/core/jackson-databind/2.9.8/jackson-databind-2.9.8.jar:/Users/arthurgao/.m2/repository/com/fasterxml/jackson/core/jackson-annotations/2.9.0/jackson-annotations-2.9.0.jar:/Users/arthurgao/.m2/repository/com/fasterxml/jackson/core/jackson-core/2.9.8/jackson-core-2.9.8.jar:"/>
    <property name="java.vm.vendor" value="Eclipse Adoptium"/>
    <property name="sun.arch.data.model" value="64"/>
    <property name="java.vendor.url" value="https://adoptium.net/"/>
    <property name="user.timezone" value="Pacific/Auckland"/>
    <property name="java.vm.specification.version" value="11"/>
    <property name="os.name" value="Mac OS X"/>
    <property name="sun.java.launcher" value="SUN_STANDARD"/>
    <property name="user.country" value="NZ"/>
    <property name="sun.boot.library.path" value="/Users/arthurgao/.sdkman/candidates/java/11.0.18-tem/lib"/>
    <property name="sun.java.command" value="/Users/arthurgao/WorkSpace/Java/MyCode/distributed-cache/target/surefire/surefirebooter-20230416082546265_3.jar /Users/arthurgao/WorkSpace/Java/MyCode/distributed-cache/target/surefire 2023-04-16T08-25-46_124-jvmRun1 surefire-20230416082546265_1tmp surefire_0-20230416082546265_2tmp"/>
    <property name="http.nonProxyHosts" value="local|*.local|169.254/16|*.169.254/16"/>
    <property name="jdk.debug" value="release"/>
    <property name="surefire.test.class.path" value="/Users/arthurgao/WorkSpace/Java/MyCode/distributed-cache/target/test-classes:/Users/arthurgao/WorkSpace/Java/MyCode/distributed-cache/target/classes:/Users/arthurgao/.m2/repository/org/projectlombok/lombok/1.18.26/lombok-1.18.26.jar:/Users/arthurgao/.m2/repository/org/apache/commons/commons-collections4/4.4/commons-collections4-4.4.jar:/Users/arthurgao/.m2/repository/org/apache/commons/commons-lang3/3.12.0/commons-lang3-3.12.0.jar:/Users/arthurgao/.m2/repository/org/junit/jupiter/junit-jupiter-engine/5.9.1/junit-jupiter-engine-5.9.1.jar:/Users/arthurgao/.m2/repository/org/junit/platform/junit-platform-engine/1.9.1/junit-platform-engine-1.9.1.jar:/Users/arthurgao/.m2/repository/org/opentest4j/opentest4j/1.2.0/opentest4j-1.2.0.jar:/Users/arthurgao/.m2/repository/org/junit/platform/junit-platform-commons/1.9.1/junit-platform-commons-1.9.1.jar:/Users/arthurgao/.m2/repository/org/junit/jupiter/junit-jupiter-api/5.9.1/junit-jupiter-api-5.9.1.jar:/Users/arthurgao/.m2/repository/org/apiguardian/apiguardian-api/1.1.2/apiguardian-api-1.1.2.jar:/Users/arthurgao/.m2/repository/org/junit/jupiter/junit-jupiter-params/5.4.2/junit-jupiter-params-5.4.2.jar:/Users/arthurgao/.m2/repository/org/assertj/assertj-core/3.24.2/assertj-core-3.24.2.jar:/Users/arthurgao/.m2/repository/net/bytebuddy/byte-buddy/1.12.21/byte-buddy-1.12.21.jar:/Users/arthurgao/.m2/repository/org/jeasy/easy-random-core/4.0.0/easy-random-core-4.0.0.jar:/Users/arthurgao/.m2/repository/org/objenesis/objenesis/3.0.1/objenesis-3.0.1.jar:/Users/arthurgao/.m2/repository/io/github/classgraph/classgraph/4.8.29/classgraph-4.8.29.jar:/Users/arthurgao/.m2/repository/com/fasterxml/jackson/core/jackson-databind/2.9.8/jackson-databind-2.9.8.jar:/Users/arthurgao/.m2/repository/com/fasterxml/jackson/core/jackson-annotations/2.9.0/jackson-annotations-2.9.0.jar:/Users/arthurgao/.m2/repository/com/fasterxml/jackson/core/jackson-core/2.9.8/jackson-core-2.9.8.jar:"/>
    <property name="sun.cpu.endian" value="little"/>
    <property name="user.home" value="/Users/arthurgao"/>
    <property name="user.language" value="en"/>
    <property name="java.specification.vendor" value="Oracle Corporation"/>
    <property name="java.version.date" value="2023-01-17"/>
    <property name="java.home" value="/Users/arthurgao/.sdkman/candidates/java/11.0.18-tem"/>
    <property name="file.separator" value="/"/>
    <property name="basedir" value="/Users/arthurgao/WorkSpace/Java/MyCode/distributed-cache"/>
    <property name="java.vm.compressedOopsMode" value="Zero based"/>
    <property name="line.separator" value="&#10;"/>
    <property name="java.specification.name" value="Java Platform API Specification"/>
    <property name="java.vm.specification.vendor" value="Oracle Corporation"/>
    <property name="java.awt.graphicsenv" value="sun.awt.CGraphicsEnvironment"/>
    <property name="surefire.real.class.path" value="/Users/arthurgao/WorkSpace/Java/MyCode/distributed-cache/target/surefire/surefirebooter-20230416082546265_3.jar"/>
    <property name="sun.management.compiler" value="HotSpot 64-Bit Tiered Compilers"/>
    <property name="ftp.nonProxyHosts" value="local|*.local|169.254/16|*.169.254/16"/>
    <property name="java.runtime.version" value="11.0.18+10"/>
    <property name="user.name" value="arthurgao"/>
    <property name="path.separator" value=":"/>
    <property name="os.version" value="13.3.1"/>
    <property name="java.runtime.name" value="OpenJDK Runtime Environment"/>
    <property name="file.encoding" value="UTF-8"/>
    <property name="java.vm.name" value="OpenJDK 64-Bit Server VM"/>
    <property name="java.vendor.version" value="Temurin-11.0.18+10"/>
    <property name="localRepository" value="/Users/arthurgao/.m2/repository"/>
    <property name="java.vendor.url.bug" value="https://github.com/adoptium/adoptium-support/issues"/>
    <property name="java.io.tmpdir" value="/var/folders/ff/4d0vps5x0ws702qtmvc5dtrc0000gn/T/"/>
    <property name="java.version" value="11.0.18"/>
    <property name="user.dir" value="/Users/arthurgao/WorkSpace/Java/MyCode/distributed-cache"/>
    <property name="os.arch" value="aarch64"/>
    <property name="java.vm.specification.name" value="Java Virtual Machine Specification"/>
    <property name="java.awt.printerjob" value="sun.lwawt.macosx.CPrinterJob"/>
    <property name="sun.os.patch.level" value="unknown"/>
    <property name="java.library.path" value="/Users/arthurgao/Library/Java/Extensions:/Library/Java/Extensions:/Network/Library/Java/Extensions:/System/Library/Java/Extensions:/usr/lib/java:."/>
    <property name="java.vm.info" value="mixed mode"/>
    <property name="java.vendor" value="Eclipse Adoptium"/>
    <property name="java.vm.version" value="11.0.18+10"/>
    <property name="sun.io.unicode.encoding" value="UnicodeBig"/>
    <property name="java.class.version" value="55.0"/>
    <property name="socksNonProxyHosts" value="local|*.local|169.254/16|*.169.254/16"/>
  </properties>
  <testcase name="testNodeDelete_given_deleteOneNode_0Replica_happyCase_noException" classname="com.unity.cache.node.NodeManagerTest" time="0.018"/>
  <testcase name="testGetNode_given_deleteNotExistingNode_getIllegalArgumentException" classname="com.unity.cache.node.NodeManagerTest" time="0.012"/>
  <testcase name="testGetNode_given_nullKey_getIllegalArgumentException" classname="com.unity.cache.node.NodeManagerTest" time="0.018"/>
  <testcase name="testNodeDelete_given_deleteOneNode_0Replica_bigAmountKeys_noException" classname="com.unity.cache.node.NodeManagerTest" time="0.283"/>
  <testcase name="testGetNode_given_deleteTheLastNode_getIllegalArgumentException" classname="com.unity.cache.node.NodeManagerTest" time="0.006"/>
  <testcase name="testNodeAdd_given_addOneNode_multipleReplica_bigAmountKeys_dispatchEvenly(int)[1]" classname="com.unity.cache.node.NodeManagerTest" time="0.059"/>
  <testcase name="testNodeAdd_given_addOneNode_multipleReplica_bigAmountKeys_dispatchEvenly(int)[2]" classname="com.unity.cache.node.NodeManagerTest" time="0.045"/>
  <testcase name="testNodeAdd_given_addOneNode_multipleReplica_bigAmountKeys_dispatchEvenly(int)[3]" classname="com.unity.cache.node.NodeManagerTest" time="0.046"/>
  <testcase name="testGetNode_given_3nodes_multipleReplica_happyCase_sameWith0Replica(int)[1]" classname="com.unity.cache.node.NodeManagerTest" time="0.019"/>
  <testcase name="testGetNode_given_3nodes_multipleReplica_happyCase_sameWith0Replica(int)[2]" classname="com.unity.cache.node.NodeManagerTest" time="0.016"/>
  <testcase name="testGetNode_given_3nodes_multipleReplica_happyCase_sameWith0Replica(int)[3]" classname="com.unity.cache.node.NodeManagerTest" time="0.016"/>
  <testcase name="testGetNode_given_nullNode_getIllegalArgumentException" classname="com.unity.cache.node.NodeManagerTest" time="0.001"/>
  <testcase name="testGetNode_given_0node_getIllegalArgumentException" classname="com.unity.cache.node.NodeManagerTest" time="0"/>
  <testcase name="testGetNode_given_addExistingNodeId_getIllegalArgumentException" classname="com.unity.cache.node.NodeManagerTest" time="0.006"/>
  <testcase name="testGetNode_given_3nodes_multipleReplica_bigAmountKeys_dispatchEvenly(int)[1]" classname="com.unity.cache.node.NodeManagerTest" time="0.041"/>
  <testcase name="testGetNode_given_3nodes_multipleReplica_bigAmountKeys_dispatchEvenly(int)[2]" classname="com.unity.cache.node.NodeManagerTest" time="0.039"/>
  <testcase name="testGetNode_given_3nodes_multipleReplica_bigAmountKeys_dispatchEvenly(int)[3]" classname="com.unity.cache.node.NodeManagerTest" time="0.04"/>
  <testcase name="testNodeAdd_given_addOneNode_0Replica_happyCase_noException" classname="com.unity.cache.node.NodeManagerTest" time="0.023"/>
  <testcase name="testNodeAdd_given_addOneNode_0Replica_bigAmountKeys_dispatchEvenly" classname="com.unity.cache.node.NodeManagerTest" time="0.261"/>
  <testcase name="testNodeDelete_given_deleteOneNode_multipleReplica_bigAmountKeys_noException(int)[1]" classname="com.unity.cache.node.NodeManagerTest" time="0.274"/>
  <testcase name="testNodeDelete_given_deleteOneNode_multipleReplica_bigAmountKeys_noException(int)[2]" classname="com.unity.cache.node.NodeManagerTest" time="0.261"/>
  <testcase name="testNodeDelete_given_deleteOneNode_multipleReplica_bigAmountKeys_noException(int)[3]" classname="com.unity.cache.node.NodeManagerTest" time="0.262"/>
  <testcase name="testGetNode_given_negativeReplica_getIllegalArgumentException" classname="com.unity.cache.node.NodeManagerTest" time="0.008"/>
  <testcase name="testGetNode_given_3nodes_0Replica_bigAmountKeys_dispatchEvenly" classname="com.unity.cache.node.NodeManagerTest" time="0.263"/>
  <testcase name="testGetNode_given_deleteNullNode_getIllegalArgumentException" classname="com.unity.cache.node.NodeManagerTest" time="0"/>
  <testcase name="testGetNode_given_3nodes_0Replica_happyCase_noException" classname="com.unity.cache.node.NodeManagerTest" time="0.015"/>
</testsuite>